INFO:     Will watch for changes in these directories: ['C:\\Backend-WCT-Volunteer\\Backend']
INFO:     Uvicorn running on http://0.0.0.0:8000 (Press CTRL+C to quit)
INFO:     Started reloader process [31608] using WatchFiles
INFO:     Started server process [26476]
INFO:     Waiting for application startup.
ERROR:    Traceback (most recent call last):
  File "C:\Backend-WCT-Volunteer\Backend\app\main.py", line 90, in startup_event
    print(f"\u2713 {settings.APP_NAME} v{settings.VERSION} started successfully")
  File "C:\Program Files\WindowsApps\PythonSoftwareFoundation.Python.3.11_3.11.2544.0_x64__qbz5n2kfra8p0\Lib\encodings\cp1252.py", line 19, in encode
    return codecs.charmap_encode(input,self.errors,encoding_table)[0]
           ^^^^^^^^^^^^^^^^^^^^^^^^^^^^^^^^^^^^^^^^^^^^^^^^^^^^^^^
UnicodeEncodeError: 'charmap' codec can't encode character '\u2713' in position 0: character maps to <undefined>

During handling of the above exception, another exception occurred:

Traceback (most recent call last):
  File "C:\Backend-WCT-Volunteer\Backend\venv\Lib\site-packages\starlette\routing.py", line 738, in lifespan
    async with self.lifespan_context(app) as maybe_state:
  File "C:\Backend-WCT-Volunteer\Backend\venv\Lib\site-packages\starlette\routing.py", line 610, in __aenter__
    await self._router.startup()
  File "C:\Backend-WCT-Volunteer\Backend\venv\Lib\site-packages\starlette\routing.py", line 715, in startup
    await handler()
  File "C:\Backend-WCT-Volunteer\Backend\app\main.py", line 93, in startup_event
    print(f"\u2717 Configuration error: {e}")
  File "C:\Program Files\WindowsApps\PythonSoftwareFoundation.Python.3.11_3.11.2544.0_x64__qbz5n2kfra8p0\Lib\encodings\cp1252.py", line 19, in encode
    return codecs.charmap_encode(input,self.errors,encoding_table)[0]
           ^^^^^^^^^^^^^^^^^^^^^^^^^^^^^^^^^^^^^^^^^^^^^^^^^^^^^^^
UnicodeEncodeError: 'charmap' codec can't encode character '\u2717' in position 0: character maps to <undefined>

ERROR:    Application startup failed. Exiting.
WARNING:  WatchFiles detected changes in 'repro_opp_access.py'. Reloading...
INFO:     Started server process [43464]
INFO:     Waiting for application startup.
ERROR:    Traceback (most recent call last):
  File "C:\Backend-WCT-Volunteer\Backend\app\main.py", line 90, in startup_event
    print(f"\u2713 {settings.APP_NAME} v{settings.VERSION} started successfully")
  File "C:\Program Files\WindowsApps\PythonSoftwareFoundation.Python.3.11_3.11.2544.0_x64__qbz5n2kfra8p0\Lib\encodings\cp1252.py", line 19, in encode
    return codecs.charmap_encode(input,self.errors,encoding_table)[0]
           ^^^^^^^^^^^^^^^^^^^^^^^^^^^^^^^^^^^^^^^^^^^^^^^^^^^^^^^
UnicodeEncodeError: 'charmap' codec can't encode character '\u2713' in position 0: character maps to <undefined>

During handling of the above exception, another exception occurred:

Traceback (most recent call last):
  File "C:\Backend-WCT-Volunteer\Backend\venv\Lib\site-packages\starlette\routing.py", line 738, in lifespan
    async with self.lifespan_context(app) as maybe_state:
  File "C:\Backend-WCT-Volunteer\Backend\venv\Lib\site-packages\starlette\routing.py", line 610, in __aenter__
    await self._router.startup()
  File "C:\Backend-WCT-Volunteer\Backend\venv\Lib\site-packages\starlette\routing.py", line 715, in startup
    await handler()
  File "C:\Backend-WCT-Volunteer\Backend\app\main.py", line 93, in startup_event
    print(f"\u2717 Configuration error: {e}")
  File "C:\Program Files\WindowsApps\PythonSoftwareFoundation.Python.3.11_3.11.2544.0_x64__qbz5n2kfra8p0\Lib\encodings\cp1252.py", line 19, in encode
    return codecs.charmap_encode(input,self.errors,encoding_table)[0]
           ^^^^^^^^^^^^^^^^^^^^^^^^^^^^^^^^^^^^^^^^^^^^^^^^^^^^^^^
UnicodeEncodeError: 'charmap' codec can't encode character '\u2717' in position 0: character maps to <undefined>

ERROR:    Application startup failed. Exiting.
WARNING:  WatchFiles detected changes in 'check_admin_user.py'. Reloading...
INFO:     Started server process [7140]
INFO:     Waiting for application startup.
ERROR:    Traceback (most recent call last):
  File "C:\Backend-WCT-Volunteer\Backend\app\main.py", line 90, in startup_event
    print(f"\u2713 {settings.APP_NAME} v{settings.VERSION} started successfully")
  File "C:\Program Files\WindowsApps\PythonSoftwareFoundation.Python.3.11_3.11.2544.0_x64__qbz5n2kfra8p0\Lib\encodings\cp1252.py", line 19, in encode
    return codecs.charmap_encode(input,self.errors,encoding_table)[0]
           ^^^^^^^^^^^^^^^^^^^^^^^^^^^^^^^^^^^^^^^^^^^^^^^^^^^^^^^
UnicodeEncodeError: 'charmap' codec can't encode character '\u2713' in position 0: character maps to <undefined>

During handling of the above exception, another exception occurred:

Traceback (most recent call last):
  File "C:\Backend-WCT-Volunteer\Backend\venv\Lib\site-packages\starlette\routing.py", line 738, in lifespan
    async with self.lifespan_context(app) as maybe_state:
  File "C:\Backend-WCT-Volunteer\Backend\venv\Lib\site-packages\starlette\routing.py", line 610, in __aenter__
    await self._router.startup()
  File "C:\Backend-WCT-Volunteer\Backend\venv\Lib\site-packages\starlette\routing.py", line 715, in startup
    await handler()
  File "C:\Backend-WCT-Volunteer\Backend\app\main.py", line 93, in startup_event
    print(f"\u2717 Configuration error: {e}")
  File "C:\Program Files\WindowsApps\PythonSoftwareFoundation.Python.3.11_3.11.2544.0_x64__qbz5n2kfra8p0\Lib\encodings\cp1252.py", line 19, in encode
    return codecs.charmap_encode(input,self.errors,encoding_table)[0]
           ^^^^^^^^^^^^^^^^^^^^^^^^^^^^^^^^^^^^^^^^^^^^^^^^^^^^^^^
UnicodeEncodeError: 'charmap' codec can't encode character '\u2717' in position 0: character maps to <undefined>

ERROR:    Application startup failed. Exiting.
WARNING:  WatchFiles detected changes in 'setup_admin.py'. Reloading...
WARNING:  WatchFiles detected changes in 'setup_admin.py'. Reloading...
INFO:     Started server process [40836]
INFO:     Waiting for application startup.
ERROR:    Traceback (most recent call last):
  File "C:\Backend-WCT-Volunteer\Backend\app\main.py", line 90, in startup_event
    print(f"\u2713 {settings.APP_NAME} v{settings.VERSION} started successfully")
  File "C:\Program Files\WindowsApps\PythonSoftwareFoundation.Python.3.11_3.11.2544.0_x64__qbz5n2kfra8p0\Lib\encodings\cp1252.py", line 19, in encode
    return codecs.charmap_encode(input,self.errors,encoding_table)[0]
           ^^^^^^^^^^^^^^^^^^^^^^^^^^^^^^^^^^^^^^^^^^^^^^^^^^^^^^^
UnicodeEncodeError: 'charmap' codec can't encode character '\u2713' in position 0: character maps to <undefined>

During handling of the above exception, another exception occurred:

Traceback (most recent call last):
  File "C:\Backend-WCT-Volunteer\Backend\venv\Lib\site-packages\starlette\routing.py", line 738, in lifespan
    async with self.lifespan_context(app) as maybe_state:
  File "C:\Backend-WCT-Volunteer\Backend\venv\Lib\site-packages\starlette\routing.py", line 610, in __aenter__
    await self._router.startup()
  File "C:\Backend-WCT-Volunteer\Backend\venv\Lib\site-packages\starlette\routing.py", line 715, in startup
    await handler()
  File "C:\Backend-WCT-Volunteer\Backend\app\main.py", line 93, in startup_event
    print(f"\u2717 Configuration error: {e}")
  File "C:\Program Files\WindowsApps\PythonSoftwareFoundation.Python.3.11_3.11.2544.0_x64__qbz5n2kfra8p0\Lib\encodings\cp1252.py", line 19, in encode
    return codecs.charmap_encode(input,self.errors,encoding_table)[0]
           ^^^^^^^^^^^^^^^^^^^^^^^^^^^^^^^^^^^^^^^^^^^^^^^^^^^^^^^
UnicodeEncodeError: 'charmap' codec can't encode character '\u2717' in position 0: character maps to <undefined>

ERROR:    Application startup failed. Exiting.
INFO:     Started server process [28772]
INFO:     Waiting for application startup.
ERROR:    Traceback (most recent call last):
  File "C:\Backend-WCT-Volunteer\Backend\app\main.py", line 90, in startup_event
    print(f"\u2713 {settings.APP_NAME} v{settings.VERSION} started successfully")
  File "C:\Program Files\WindowsApps\PythonSoftwareFoundation.Python.3.11_3.11.2544.0_x64__qbz5n2kfra8p0\Lib\encodings\cp1252.py", line 19, in encode
    return codecs.charmap_encode(input,self.errors,encoding_table)[0]
           ^^^^^^^^^^^^^^^^^^^^^^^^^^^^^^^^^^^^^^^^^^^^^^^^^^^^^^^
UnicodeEncodeError: 'charmap' codec can't encode character '\u2713' in position 0: character maps to <undefined>

During handling of the above exception, another exception occurred:

Traceback (most recent call last):
  File "C:\Backend-WCT-Volunteer\Backend\venv\Lib\site-packages\starlette\routing.py", line 738, in lifespan
    async with self.lifespan_context(app) as maybe_state:
  File "C:\Backend-WCT-Volunteer\Backend\venv\Lib\site-packages\starlette\routing.py", line 610, in __aenter__
    await self._router.startup()
  File "C:\Backend-WCT-Volunteer\Backend\venv\Lib\site-packages\starlette\routing.py", line 715, in startup
    await handler()
  File "C:\Backend-WCT-Volunteer\Backend\app\main.py", line 93, in startup_event
    print(f"\u2717 Configuration error: {e}")
  File "C:\Program Files\WindowsApps\PythonSoftwareFoundation.Python.3.11_3.11.2544.0_x64__qbz5n2kfra8p0\Lib\encodings\cp1252.py", line 19, in encode
    return codecs.charmap_encode(input,self.errors,encoding_table)[0]
           ^^^^^^^^^^^^^^^^^^^^^^^^^^^^^^^^^^^^^^^^^^^^^^^^^^^^^^^
UnicodeEncodeError: 'charmap' codec can't encode character '\u2717' in position 0: character maps to <undefined>

ERROR:    Application startup failed. Exiting.
WARNING:  WatchFiles detected changes in 'fix_admin_account.py'. Reloading...
WARNING:  WatchFiles detected changes in 'fix_admin_account.py'. Reloading...
INFO:     Started server process [21704]
INFO:     Waiting for application startup.
ERROR:    Traceback (most recent call last):
  File "C:\Backend-WCT-Volunteer\Backend\app\main.py", line 90, in startup_event
    print(f"\u2713 {settings.APP_NAME} v{settings.VERSION} started successfully")
  File "C:\Program Files\WindowsApps\PythonSoftwareFoundation.Python.3.11_3.11.2544.0_x64__qbz5n2kfra8p0\Lib\encodings\cp1252.py", line 19, in encode
    return codecs.charmap_encode(input,self.errors,encoding_table)[0]
           ^^^^^^^^^^^^^^^^^^^^^^^^^^^^^^^^^^^^^^^^^^^^^^^^^^^^^^^
UnicodeEncodeError: 'charmap' codec can't encode character '\u2713' in position 0: character maps to <undefined>

During handling of the above exception, another exception occurred:

Traceback (most recent call last):
  File "C:\Backend-WCT-Volunteer\Backend\venv\Lib\site-packages\starlette\routing.py", line 738, in lifespan
    async with self.lifespan_context(app) as maybe_state:
  File "C:\Backend-WCT-Volunteer\Backend\venv\Lib\site-packages\starlette\routing.py", line 610, in __aenter__
    await self._router.startup()
  File "C:\Backend-WCT-Volunteer\Backend\venv\Lib\site-packages\starlette\routing.py", line 715, in startup
    await handler()
  File "C:\Backend-WCT-Volunteer\Backend\app\main.py", line 93, in startup_event
    print(f"\u2717 Configuration error: {e}")
  File "C:\Program Files\WindowsApps\PythonSoftwareFoundation.Python.3.11_3.11.2544.0_x64__qbz5n2kfra8p0\Lib\encodings\cp1252.py", line 19, in encode
    return codecs.charmap_encode(input,self.errors,encoding_table)[0]
           ^^^^^^^^^^^^^^^^^^^^^^^^^^^^^^^^^^^^^^^^^^^^^^^^^^^^^^^
UnicodeEncodeError: 'charmap' codec can't encode character '\u2717' in position 0: character maps to <undefined>

ERROR:    Application startup failed. Exiting.
INFO:     Started server process [27552]
INFO:     Waiting for application startup.
ERROR:    Traceback (most recent call last):
  File "C:\Backend-WCT-Volunteer\Backend\app\main.py", line 90, in startup_event
    print(f"\u2713 {settings.APP_NAME} v{settings.VERSION} started successfully")
  File "C:\Program Files\WindowsApps\PythonSoftwareFoundation.Python.3.11_3.11.2544.0_x64__qbz5n2kfra8p0\Lib\encodings\cp1252.py", line 19, in encode
    return codecs.charmap_encode(input,self.errors,encoding_table)[0]
           ^^^^^^^^^^^^^^^^^^^^^^^^^^^^^^^^^^^^^^^^^^^^^^^^^^^^^^^
UnicodeEncodeError: 'charmap' codec can't encode character '\u2713' in position 0: character maps to <undefined>

During handling of the above exception, another exception occurred:

Traceback (most recent call last):
  File "C:\Backend-WCT-Volunteer\Backend\venv\Lib\site-packages\starlette\routing.py", line 738, in lifespan
    async with self.lifespan_context(app) as maybe_state:
  File "C:\Backend-WCT-Volunteer\Backend\venv\Lib\site-packages\starlette\routing.py", line 610, in __aenter__
    await self._router.startup()
  File "C:\Backend-WCT-Volunteer\Backend\venv\Lib\site-packages\starlette\routing.py", line 715, in startup
    await handler()
  File "C:\Backend-WCT-Volunteer\Backend\app\main.py", line 93, in startup_event
    print(f"\u2717 Configuration error: {e}")
  File "C:\Program Files\WindowsApps\PythonSoftwareFoundation.Python.3.11_3.11.2544.0_x64__qbz5n2kfra8p0\Lib\encodings\cp1252.py", line 19, in encode
    return codecs.charmap_encode(input,self.errors,encoding_table)[0]
           ^^^^^^^^^^^^^^^^^^^^^^^^^^^^^^^^^^^^^^^^^^^^^^^^^^^^^^^
UnicodeEncodeError: 'charmap' codec can't encode character '\u2717' in position 0: character maps to <undefined>

ERROR:    Application startup failed. Exiting.
WARNING:  WatchFiles detected changes in 'fix_admin_account_v2.py'. Reloading...
WARNING:  WatchFiles detected changes in 'fix_admin_account_v2.py'. Reloading...
INFO:     Started server process [39432]
INFO:     Waiting for application startup.
ERROR:    Traceback (most recent call last):
  File "C:\Backend-WCT-Volunteer\Backend\app\main.py", line 90, in startup_event
    print(f"\u2713 {settings.APP_NAME} v{settings.VERSION} started successfully")
  File "C:\Program Files\WindowsApps\PythonSoftwareFoundation.Python.3.11_3.11.2544.0_x64__qbz5n2kfra8p0\Lib\encodings\cp1252.py", line 19, in encode
    return codecs.charmap_encode(input,self.errors,encoding_table)[0]
           ^^^^^^^^^^^^^^^^^^^^^^^^^^^^^^^^^^^^^^^^^^^^^^^^^^^^^^^
UnicodeEncodeError: 'charmap' codec can't encode character '\u2713' in position 0: character maps to <undefined>

During handling of the above exception, another exception occurred:

Traceback (most recent call last):
  File "C:\Backend-WCT-Volunteer\Backend\venv\Lib\site-packages\starlette\routing.py", line 738, in lifespan
    async with self.lifespan_context(app) as maybe_state:
  File "C:\Backend-WCT-Volunteer\Backend\venv\Lib\site-packages\starlette\routing.py", line 610, in __aenter__
    await self._router.startup()
  File "C:\Backend-WCT-Volunteer\Backend\venv\Lib\site-packages\starlette\routing.py", line 715, in startup
    await handler()
  File "C:\Backend-WCT-Volunteer\Backend\app\main.py", line 93, in startup_event
    print(f"\u2717 Configuration error: {e}")
  File "C:\Program Files\WindowsApps\PythonSoftwareFoundation.Python.3.11_3.11.2544.0_x64__qbz5n2kfra8p0\Lib\encodings\cp1252.py", line 19, in encode
    return codecs.charmap_encode(input,self.errors,encoding_table)[0]
           ^^^^^^^^^^^^^^^^^^^^^^^^^^^^^^^^^^^^^^^^^^^^^^^^^^^^^^^
UnicodeEncodeError: 'charmap' codec can't encode character '\u2717' in position 0: character maps to <undefined>

ERROR:    Application startup failed. Exiting.
INFO:     Started server process [44316]
INFO:     Waiting for application startup.
ERROR:    Traceback (most recent call last):
  File "C:\Backend-WCT-Volunteer\Backend\app\main.py", line 90, in startup_event
    print(f"\u2713 {settings.APP_NAME} v{settings.VERSION} started successfully")
  File "C:\Program Files\WindowsApps\PythonSoftwareFoundation.Python.3.11_3.11.2544.0_x64__qbz5n2kfra8p0\Lib\encodings\cp1252.py", line 19, in encode
    return codecs.charmap_encode(input,self.errors,encoding_table)[0]
           ^^^^^^^^^^^^^^^^^^^^^^^^^^^^^^^^^^^^^^^^^^^^^^^^^^^^^^^
UnicodeEncodeError: 'charmap' codec can't encode character '\u2713' in position 0: character maps to <undefined>

During handling of the above exception, another exception occurred:

Traceback (most recent call last):
  File "C:\Backend-WCT-Volunteer\Backend\venv\Lib\site-packages\starlette\routing.py", line 738, in lifespan
    async with self.lifespan_context(app) as maybe_state:
  File "C:\Backend-WCT-Volunteer\Backend\venv\Lib\site-packages\starlette\routing.py", line 610, in __aenter__
    await self._router.startup()
  File "C:\Backend-WCT-Volunteer\Backend\venv\Lib\site-packages\starlette\routing.py", line 715, in startup
    await handler()
  File "C:\Backend-WCT-Volunteer\Backend\app\main.py", line 93, in startup_event
    print(f"\u2717 Configuration error: {e}")
  File "C:\Program Files\WindowsApps\PythonSoftwareFoundation.Python.3.11_3.11.2544.0_x64__qbz5n2kfra8p0\Lib\encodings\cp1252.py", line 19, in encode
    return codecs.charmap_encode(input,self.errors,encoding_table)[0]
           ^^^^^^^^^^^^^^^^^^^^^^^^^^^^^^^^^^^^^^^^^^^^^^^^^^^^^^^
UnicodeEncodeError: 'charmap' codec can't encode character '\u2717' in position 0: character maps to <undefined>

ERROR:    Application startup failed. Exiting.
WARNING:  WatchFiles detected changes in 'fix_admin_account_v3.py'. Reloading...
INFO:     Started server process [42012]
INFO:     Waiting for application startup.
ERROR:    Traceback (most recent call last):
  File "C:\Backend-WCT-Volunteer\Backend\app\main.py", line 90, in startup_event
    print(f"\u2713 {settings.APP_NAME} v{settings.VERSION} started successfully")
  File "C:\Program Files\WindowsApps\PythonSoftwareFoundation.Python.3.11_3.11.2544.0_x64__qbz5n2kfra8p0\Lib\encodings\cp1252.py", line 19, in encode
    return codecs.charmap_encode(input,self.errors,encoding_table)[0]
           ^^^^^^^^^^^^^^^^^^^^^^^^^^^^^^^^^^^^^^^^^^^^^^^^^^^^^^^
UnicodeEncodeError: 'charmap' codec can't encode character '\u2713' in position 0: character maps to <undefined>

During handling of the above exception, another exception occurred:

Traceback (most recent call last):
  File "C:\Backend-WCT-Volunteer\Backend\venv\Lib\site-packages\starlette\routing.py", line 738, in lifespan
    async with self.lifespan_context(app) as maybe_state:
  File "C:\Backend-WCT-Volunteer\Backend\venv\Lib\site-packages\starlette\routing.py", line 610, in __aenter__
    await self._router.startup()
  File "C:\Backend-WCT-Volunteer\Backend\venv\Lib\site-packages\starlette\routing.py", line 715, in startup
    await handler()
  File "C:\Backend-WCT-Volunteer\Backend\app\main.py", line 93, in startup_event
    print(f"\u2717 Configuration error: {e}")
  File "C:\Program Files\WindowsApps\PythonSoftwareFoundation.Python.3.11_3.11.2544.0_x64__qbz5n2kfra8p0\Lib\encodings\cp1252.py", line 19, in encode
    return codecs.charmap_encode(input,self.errors,encoding_table)[0]
           ^^^^^^^^^^^^^^^^^^^^^^^^^^^^^^^^^^^^^^^^^^^^^^^^^^^^^^^
UnicodeEncodeError: 'charmap' codec can't encode character '\u2717' in position 0: character maps to <undefined>

ERROR:    Application startup failed. Exiting.
WARNING:  WatchFiles detected changes in 'app\main.py'. Reloading...
Process SpawnProcess-11:
Traceback (most recent call last):
  File "C:\Program Files\WindowsApps\PythonSoftwareFoundation.Python.3.11_3.11.2544.0_x64__qbz5n2kfra8p0\Lib\multiprocessing\process.py", line 314, in _bootstrap
    self.run()
  File "C:\Program Files\WindowsApps\PythonSoftwareFoundation.Python.3.11_3.11.2544.0_x64__qbz5n2kfra8p0\Lib\multiprocessing\process.py", line 108, in run
    self._target(*self._args, **self._kwargs)
  File "C:\Backend-WCT-Volunteer\Backend\venv\Lib\site-packages\uvicorn\_subprocess.py", line 78, in subprocess_started
    target(sockets=sockets)
  File "C:\Backend-WCT-Volunteer\Backend\venv\Lib\site-packages\uvicorn\server.py", line 62, in run
    return asyncio.run(self.serve(sockets=sockets))
           ^^^^^^^^^^^^^^^^^^^^^^^^^^^^^^^^^^^^^^^^
  File "C:\Program Files\WindowsApps\PythonSoftwareFoundation.Python.3.11_3.11.2544.0_x64__qbz5n2kfra8p0\Lib\asyncio\runners.py", line 190, in run
    return runner.run(main)
           ^^^^^^^^^^^^^^^^
  File "C:\Program Files\WindowsApps\PythonSoftwareFoundation.Python.3.11_3.11.2544.0_x64__qbz5n2kfra8p0\Lib\asyncio\runners.py", line 118, in run
    return self._loop.run_until_complete(task)
           ^^^^^^^^^^^^^^^^^^^^^^^^^^^^^^^^^^^
  File "C:\Program Files\WindowsApps\PythonSoftwareFoundation.Python.3.11_3.11.2544.0_x64__qbz5n2kfra8p0\Lib\asyncio\base_events.py", line 654, in run_until_complete
    return future.result()
           ^^^^^^^^^^^^^^^
  File "C:\Backend-WCT-Volunteer\Backend\venv\Lib\site-packages\uvicorn\server.py", line 69, in serve
    config.load()
  File "C:\Backend-WCT-Volunteer\Backend\venv\Lib\site-packages\uvicorn\config.py", line 458, in load
    self.loaded_app = import_from_string(self.app)
                      ^^^^^^^^^^^^^^^^^^^^^^^^^^^^
  File "C:\Backend-WCT-Volunteer\Backend\venv\Lib\site-packages\uvicorn\importer.py", line 21, in import_from_string
    module = importlib.import_module(module_str)
             ^^^^^^^^^^^^^^^^^^^^^^^^^^^^^^^^^^^
  File "C:\Program Files\WindowsApps\PythonSoftwareFoundation.Python.3.11_3.11.2544.0_x64__qbz5n2kfra8p0\Lib\importlib\__init__.py", line 126, in import_module
    return _bootstrap._gcd_import(name[level:], package, level)
           ^^^^^^^^^^^^^^^^^^^^^^^^^^^^^^^^^^^^^^^^^^^^^^^^^^^^
  File "<frozen importlib._bootstrap>", line 1204, in _gcd_import
  File "<frozen importlib._bootstrap>", line 1176, in _find_and_load
  File "<frozen importlib._bootstrap>", line 1126, in _find_and_load_unlocked
  File "<frozen importlib._bootstrap>", line 241, in _call_with_frames_removed
  File "<frozen importlib._bootstrap>", line 1204, in _gcd_import
  File "<frozen importlib._bootstrap>", line 1176, in _find_and_load
  File "<frozen importlib._bootstrap>", line 1147, in _find_and_load_unlocked
  File "<frozen importlib._bootstrap>", line 690, in _load_unlocked
  File "<frozen importlib._bootstrap_external>", line 940, in exec_module
  File "<frozen importlib._bootstrap>", line 241, in _call_with_frames_removed
  File "C:\Backend-WCT-Volunteer\Backend\app\__init__.py", line 6, in <module>
    from .main import app as main
  File "C:\Backend-WCT-Volunteer\Backend\app\main.py", line 11, in <module>
    from app.routers import categories, blogs, community, comments, donations, contact
  File "C:\Backend-WCT-Volunteer\Backend\app\routers\comments.py", line 16, in <module>
    from app.utils.security import get_current_user, get_current_user_optional, extract_user_id
ImportError: cannot import name 'get_current_user_optional' from 'app.utils.security' (C:\Backend-WCT-Volunteer\Backend\app\utils\security.py)
WARNING:  WatchFiles detected changes in 'app\main.py'. Reloading...
Process SpawnProcess-12:
Traceback (most recent call last):
  File "C:\Program Files\WindowsApps\PythonSoftwareFoundation.Python.3.11_3.11.2544.0_x64__qbz5n2kfra8p0\Lib\multiprocessing\process.py", line 314, in _bootstrap
    self.run()
  File "C:\Program Files\WindowsApps\PythonSoftwareFoundation.Python.3.11_3.11.2544.0_x64__qbz5n2kfra8p0\Lib\multiprocessing\process.py", line 108, in run
    self._target(*self._args, **self._kwargs)
  File "C:\Backend-WCT-Volunteer\Backend\venv\Lib\site-packages\uvicorn\_subprocess.py", line 78, in subprocess_started
    target(sockets=sockets)
  File "C:\Backend-WCT-Volunteer\Backend\venv\Lib\site-packages\uvicorn\server.py", line 62, in run
    return asyncio.run(self.serve(sockets=sockets))
           ^^^^^^^^^^^^^^^^^^^^^^^^^^^^^^^^^^^^^^^^
  File "C:\Program Files\WindowsApps\PythonSoftwareFoundation.Python.3.11_3.11.2544.0_x64__qbz5n2kfra8p0\Lib\asyncio\runners.py", line 190, in run
    return runner.run(main)
           ^^^^^^^^^^^^^^^^
  File "C:\Program Files\WindowsApps\PythonSoftwareFoundation.Python.3.11_3.11.2544.0_x64__qbz5n2kfra8p0\Lib\asyncio\runners.py", line 118, in run
    return self._loop.run_until_complete(task)
           ^^^^^^^^^^^^^^^^^^^^^^^^^^^^^^^^^^^
  File "C:\Program Files\WindowsApps\PythonSoftwareFoundation.Python.3.11_3.11.2544.0_x64__qbz5n2kfra8p0\Lib\asyncio\base_events.py", line 654, in run_until_complete
    return future.result()
           ^^^^^^^^^^^^^^^
  File "C:\Backend-WCT-Volunteer\Backend\venv\Lib\site-packages\uvicorn\server.py", line 69, in serve
    config.load()
  File "C:\Backend-WCT-Volunteer\Backend\venv\Lib\site-packages\uvicorn\config.py", line 458, in load
    self.loaded_app = import_from_string(self.app)
                      ^^^^^^^^^^^^^^^^^^^^^^^^^^^^
  File "C:\Backend-WCT-Volunteer\Backend\venv\Lib\site-packages\uvicorn\importer.py", line 21, in import_from_string
    module = importlib.import_module(module_str)
             ^^^^^^^^^^^^^^^^^^^^^^^^^^^^^^^^^^^
  File "C:\Program Files\WindowsApps\PythonSoftwareFoundation.Python.3.11_3.11.2544.0_x64__qbz5n2kfra8p0\Lib\importlib\__init__.py", line 126, in import_module
    return _bootstrap._gcd_import(name[level:], package, level)
           ^^^^^^^^^^^^^^^^^^^^^^^^^^^^^^^^^^^^^^^^^^^^^^^^^^^^
  File "<frozen importlib._bootstrap>", line 1204, in _gcd_import
  File "<frozen importlib._bootstrap>", line 1176, in _find_and_load
  File "<frozen importlib._bootstrap>", line 1126, in _find_and_load_unlocked
  File "<frozen importlib._bootstrap>", line 241, in _call_with_frames_removed
  File "<frozen importlib._bootstrap>", line 1204, in _gcd_import
  File "<frozen importlib._bootstrap>", line 1176, in _find_and_load
  File "<frozen importlib._bootstrap>", line 1147, in _find_and_load_unlocked
  File "<frozen importlib._bootstrap>", line 690, in _load_unlocked
  File "<frozen importlib._bootstrap_external>", line 940, in exec_module
  File "<frozen importlib._bootstrap>", line 241, in _call_with_frames_removed
  File "C:\Backend-WCT-Volunteer\Backend\app\__init__.py", line 6, in <module>
    from .main import app as main
  File "C:\Backend-WCT-Volunteer\Backend\app\main.py", line 11, in <module>
    from app.routers import categories, blogs, community, comments, donations, contact
  File "C:\Backend-WCT-Volunteer\Backend\app\routers\comments.py", line 16, in <module>
    from app.utils.security import get_current_user, get_current_user_optional, extract_user_id
ImportError: cannot import name 'get_current_user_optional' from 'app.utils.security' (C:\Backend-WCT-Volunteer\Backend\app\utils\security.py)
WARNING:  WatchFiles detected changes in 'app\utils\security.py'. Reloading...
Process SpawnProcess-13:
Traceback (most recent call last):
  File "C:\Program Files\WindowsApps\PythonSoftwareFoundation.Python.3.11_3.11.2544.0_x64__qbz5n2kfra8p0\Lib\multiprocessing\process.py", line 314, in _bootstrap
    self.run()
  File "C:\Program Files\WindowsApps\PythonSoftwareFoundation.Python.3.11_3.11.2544.0_x64__qbz5n2kfra8p0\Lib\multiprocessing\process.py", line 108, in run
    self._target(*self._args, **self._kwargs)
  File "C:\Backend-WCT-Volunteer\Backend\venv\Lib\site-packages\uvicorn\_subprocess.py", line 78, in subprocess_started
    target(sockets=sockets)
  File "C:\Backend-WCT-Volunteer\Backend\venv\Lib\site-packages\uvicorn\server.py", line 62, in run
    return asyncio.run(self.serve(sockets=sockets))
           ^^^^^^^^^^^^^^^^^^^^^^^^^^^^^^^^^^^^^^^^
  File "C:\Program Files\WindowsApps\PythonSoftwareFoundation.Python.3.11_3.11.2544.0_x64__qbz5n2kfra8p0\Lib\asyncio\runners.py", line 190, in run
    return runner.run(main)
           ^^^^^^^^^^^^^^^^
  File "C:\Program Files\WindowsApps\PythonSoftwareFoundation.Python.3.11_3.11.2544.0_x64__qbz5n2kfra8p0\Lib\asyncio\runners.py", line 118, in run
    return self._loop.run_until_complete(task)
           ^^^^^^^^^^^^^^^^^^^^^^^^^^^^^^^^^^^
  File "C:\Program Files\WindowsApps\PythonSoftwareFoundation.Python.3.11_3.11.2544.0_x64__qbz5n2kfra8p0\Lib\asyncio\base_events.py", line 654, in run_until_complete
    return future.result()
           ^^^^^^^^^^^^^^^
  File "C:\Backend-WCT-Volunteer\Backend\venv\Lib\site-packages\uvicorn\server.py", line 69, in serve
    config.load()
  File "C:\Backend-WCT-Volunteer\Backend\venv\Lib\site-packages\uvicorn\config.py", line 458, in load
    self.loaded_app = import_from_string(self.app)
                      ^^^^^^^^^^^^^^^^^^^^^^^^^^^^
  File "C:\Backend-WCT-Volunteer\Backend\venv\Lib\site-packages\uvicorn\importer.py", line 21, in import_from_string
    module = importlib.import_module(module_str)
             ^^^^^^^^^^^^^^^^^^^^^^^^^^^^^^^^^^^
  File "C:\Program Files\WindowsApps\PythonSoftwareFoundation.Python.3.11_3.11.2544.0_x64__qbz5n2kfra8p0\Lib\importlib\__init__.py", line 126, in import_module
    return _bootstrap._gcd_import(name[level:], package, level)
           ^^^^^^^^^^^^^^^^^^^^^^^^^^^^^^^^^^^^^^^^^^^^^^^^^^^^
  File "<frozen importlib._bootstrap>", line 1204, in _gcd_import
  File "<frozen importlib._bootstrap>", line 1176, in _find_and_load
  File "<frozen importlib._bootstrap>", line 1126, in _find_and_load_unlocked
  File "<frozen importlib._bootstrap>", line 241, in _call_with_frames_removed
  File "<frozen importlib._bootstrap>", line 1204, in _gcd_import
  File "<frozen importlib._bootstrap>", line 1176, in _find_and_load
  File "<frozen importlib._bootstrap>", line 1147, in _find_and_load_unlocked
  File "<frozen importlib._bootstrap>", line 690, in _load_unlocked
  File "<frozen importlib._bootstrap_external>", line 940, in exec_module
  File "<frozen importlib._bootstrap>", line 241, in _call_with_frames_removed
  File "C:\Backend-WCT-Volunteer\Backend\app\__init__.py", line 6, in <module>
    from .main import app as main
  File "C:\Backend-WCT-Volunteer\Backend\app\main.py", line 11, in <module>
    from app.routers import categories, blogs, community, comments, donations, contact
  File "C:\Backend-WCT-Volunteer\Backend\app\routers\comments.py", line 16, in <module>
    from app.utils.security import get_current_user, get_current_user_optional, extract_user_id
ImportError: cannot import name 'get_current_user_optional' from 'app.utils.security' (C:\Backend-WCT-Volunteer\Backend\app\utils\security.py)
WARNING:  WatchFiles detected changes in 'app\utils\security.py'. Reloading...
INFO:     Started server process [36092]
INFO:     Waiting for application startup.
ERROR:    Traceback (most recent call last):
  File "C:\Backend-WCT-Volunteer\Backend\app\main.py", line 97, in startup_event
    print(f"\u2713 {settings.APP_NAME} v{settings.VERSION} started successfully")
  File "C:\Program Files\WindowsApps\PythonSoftwareFoundation.Python.3.11_3.11.2544.0_x64__qbz5n2kfra8p0\Lib\encodings\cp1252.py", line 19, in encode
    return codecs.charmap_encode(input,self.errors,encoding_table)[0]
           ^^^^^^^^^^^^^^^^^^^^^^^^^^^^^^^^^^^^^^^^^^^^^^^^^^^^^^^
UnicodeEncodeError: 'charmap' codec can't encode character '\u2713' in position 0: character maps to <undefined>

During handling of the above exception, another exception occurred:

Traceback (most recent call last):
  File "C:\Backend-WCT-Volunteer\Backend\venv\Lib\site-packages\starlette\routing.py", line 738, in lifespan
    async with self.lifespan_context(app) as maybe_state:
  File "C:\Backend-WCT-Volunteer\Backend\venv\Lib\site-packages\starlette\routing.py", line 610, in __aenter__
    await self._router.startup()
  File "C:\Backend-WCT-Volunteer\Backend\venv\Lib\site-packages\starlette\routing.py", line 715, in startup
    await handler()
  File "C:\Backend-WCT-Volunteer\Backend\app\main.py", line 100, in startup_event
    print(f"\u2717 Configuration error: {e}")
  File "C:\Program Files\WindowsApps\PythonSoftwareFoundation.Python.3.11_3.11.2544.0_x64__qbz5n2kfra8p0\Lib\encodings\cp1252.py", line 19, in encode
    return codecs.charmap_encode(input,self.errors,encoding_table)[0]
           ^^^^^^^^^^^^^^^^^^^^^^^^^^^^^^^^^^^^^^^^^^^^^^^^^^^^^^^
UnicodeEncodeError: 'charmap' codec can't encode character '\u2717' in position 0: character maps to <undefined>

ERROR:    Application startup failed. Exiting.
WARNING:  WatchFiles detected changes in 'test_applications_only.py'. Reloading...
INFO:     Started server process [44860]
INFO:     Waiting for application startup.
ERROR:    Traceback (most recent call last):
  File "C:\Backend-WCT-Volunteer\Backend\app\main.py", line 97, in startup_event
    print(f"\u2713 {settings.APP_NAME} v{settings.VERSION} started successfully")
  File "C:\Program Files\WindowsApps\PythonSoftwareFoundation.Python.3.11_3.11.2544.0_x64__qbz5n2kfra8p0\Lib\encodings\cp1252.py", line 19, in encode
    return codecs.charmap_encode(input,self.errors,encoding_table)[0]
           ^^^^^^^^^^^^^^^^^^^^^^^^^^^^^^^^^^^^^^^^^^^^^^^^^^^^^^^
UnicodeEncodeError: 'charmap' codec can't encode character '\u2713' in position 0: character maps to <undefined>

During handling of the above exception, another exception occurred:

Traceback (most recent call last):
  File "C:\Backend-WCT-Volunteer\Backend\venv\Lib\site-packages\starlette\routing.py", line 738, in lifespan
    async with self.lifespan_context(app) as maybe_state:
  File "C:\Backend-WCT-Volunteer\Backend\venv\Lib\site-packages\starlette\routing.py", line 610, in __aenter__
    await self._router.startup()
  File "C:\Backend-WCT-Volunteer\Backend\venv\Lib\site-packages\starlette\routing.py", line 715, in startup
    await handler()
  File "C:\Backend-WCT-Volunteer\Backend\app\main.py", line 100, in startup_event
    print(f"\u2717 Configuration error: {e}")
  File "C:\Program Files\WindowsApps\PythonSoftwareFoundation.Python.3.11_3.11.2544.0_x64__qbz5n2kfra8p0\Lib\encodings\cp1252.py", line 19, in encode
    return codecs.charmap_encode(input,self.errors,encoding_table)[0]
           ^^^^^^^^^^^^^^^^^^^^^^^^^^^^^^^^^^^^^^^^^^^^^^^^^^^^^^^
UnicodeEncodeError: 'charmap' codec can't encode character '\u2717' in position 0: character maps to <undefined>

ERROR:    Application startup failed. Exiting.
WARNING:  WatchFiles detected changes in 'app\main.py'. Reloading...
Process SpawnProcess-16:
Traceback (most recent call last):
  File "C:\Program Files\WindowsApps\PythonSoftwareFoundation.Python.3.11_3.11.2544.0_x64__qbz5n2kfra8p0\Lib\multiprocessing\process.py", line 314, in _bootstrap
    self.run()
  File "C:\Program Files\WindowsApps\PythonSoftwareFoundation.Python.3.11_3.11.2544.0_x64__qbz5n2kfra8p0\Lib\multiprocessing\process.py", line 108, in run
    self._target(*self._args, **self._kwargs)
  File "C:\Backend-WCT-Volunteer\Backend\venv\Lib\site-packages\uvicorn\_subprocess.py", line 78, in subprocess_started
    target(sockets=sockets)
  File "C:\Backend-WCT-Volunteer\Backend\venv\Lib\site-packages\uvicorn\server.py", line 62, in run
    return asyncio.run(self.serve(sockets=sockets))
           ^^^^^^^^^^^^^^^^^^^^^^^^^^^^^^^^^^^^^^^^
  File "C:\Program Files\WindowsApps\PythonSoftwareFoundation.Python.3.11_3.11.2544.0_x64__qbz5n2kfra8p0\Lib\asyncio\runners.py", line 190, in run
    return runner.run(main)
           ^^^^^^^^^^^^^^^^
  File "C:\Program Files\WindowsApps\PythonSoftwareFoundation.Python.3.11_3.11.2544.0_x64__qbz5n2kfra8p0\Lib\asyncio\runners.py", line 118, in run
    return self._loop.run_until_complete(task)
           ^^^^^^^^^^^^^^^^^^^^^^^^^^^^^^^^^^^
  File "C:\Program Files\WindowsApps\PythonSoftwareFoundation.Python.3.11_3.11.2544.0_x64__qbz5n2kfra8p0\Lib\asyncio\base_events.py", line 654, in run_until_complete
    return future.result()
           ^^^^^^^^^^^^^^^
  File "C:\Backend-WCT-Volunteer\Backend\venv\Lib\site-packages\uvicorn\server.py", line 69, in serve
    config.load()
  File "C:\Backend-WCT-Volunteer\Backend\venv\Lib\site-packages\uvicorn\config.py", line 458, in load
    self.loaded_app = import_from_string(self.app)
                      ^^^^^^^^^^^^^^^^^^^^^^^^^^^^
  File "C:\Backend-WCT-Volunteer\Backend\venv\Lib\site-packages\uvicorn\importer.py", line 21, in import_from_string
    module = importlib.import_module(module_str)
             ^^^^^^^^^^^^^^^^^^^^^^^^^^^^^^^^^^^
  File "C:\Program Files\WindowsApps\PythonSoftwareFoundation.Python.3.11_3.11.2544.0_x64__qbz5n2kfra8p0\Lib\importlib\__init__.py", line 126, in import_module
    return _bootstrap._gcd_import(name[level:], package, level)
           ^^^^^^^^^^^^^^^^^^^^^^^^^^^^^^^^^^^^^^^^^^^^^^^^^^^^
  File "<frozen importlib._bootstrap>", line 1204, in _gcd_import
  File "<frozen importlib._bootstrap>", line 1176, in _find_and_load
  File "<frozen importlib._bootstrap>", line 1126, in _find_and_load_unlocked
  File "<frozen importlib._bootstrap>", line 241, in _call_with_frames_removed
  File "<frozen importlib._bootstrap>", line 1204, in _gcd_import
  File "<frozen importlib._bootstrap>", line 1176, in _find_and_load
  File "<frozen importlib._bootstrap>", line 1147, in _find_and_load_unlocked
  File "<frozen importlib._bootstrap>", line 690, in _load_unlocked
  File "<frozen importlib._bootstrap_external>", line 940, in exec_module
  File "<frozen importlib._bootstrap>", line 241, in _call_with_frames_removed
  File "C:\Backend-WCT-Volunteer\Backend\app\__init__.py", line 6, in <module>
    from .main import app as main
  File "C:\Backend-WCT-Volunteer\Backend\app\main.py", line 11, in <module>
    from app.routers import categories, blogs, community, comments, donations, contact, applications
  File "C:\Backend-WCT-Volunteer\Backend\app\routers\applications.py", line 16, in <module>
    from app.utils.image_upload import upload_user_cv
ImportError: cannot import name 'upload_user_cv' from 'app.utils.image_upload' (C:\Backend-WCT-Volunteer\Backend\app\utils\image_upload.py)
WARNING:  WatchFiles detected changes in 'app\main.py'. Reloading...
Process SpawnProcess-17:
Traceback (most recent call last):
  File "C:\Program Files\WindowsApps\PythonSoftwareFoundation.Python.3.11_3.11.2544.0_x64__qbz5n2kfra8p0\Lib\multiprocessing\process.py", line 314, in _bootstrap
    self.run()
  File "C:\Program Files\WindowsApps\PythonSoftwareFoundation.Python.3.11_3.11.2544.0_x64__qbz5n2kfra8p0\Lib\multiprocessing\process.py", line 108, in run
    self._target(*self._args, **self._kwargs)
  File "C:\Backend-WCT-Volunteer\Backend\venv\Lib\site-packages\uvicorn\_subprocess.py", line 78, in subprocess_started
    target(sockets=sockets)
  File "C:\Backend-WCT-Volunteer\Backend\venv\Lib\site-packages\uvicorn\server.py", line 62, in run
    return asyncio.run(self.serve(sockets=sockets))
           ^^^^^^^^^^^^^^^^^^^^^^^^^^^^^^^^^^^^^^^^
  File "C:\Program Files\WindowsApps\PythonSoftwareFoundation.Python.3.11_3.11.2544.0_x64__qbz5n2kfra8p0\Lib\asyncio\runners.py", line 190, in run
    return runner.run(main)
           ^^^^^^^^^^^^^^^^
  File "C:\Program Files\WindowsApps\PythonSoftwareFoundation.Python.3.11_3.11.2544.0_x64__qbz5n2kfra8p0\Lib\asyncio\runners.py", line 118, in run
    return self._loop.run_until_complete(task)
           ^^^^^^^^^^^^^^^^^^^^^^^^^^^^^^^^^^^
  File "C:\Program Files\WindowsApps\PythonSoftwareFoundation.Python.3.11_3.11.2544.0_x64__qbz5n2kfra8p0\Lib\asyncio\base_events.py", line 654, in run_until_complete
    return future.result()
           ^^^^^^^^^^^^^^^
  File "C:\Backend-WCT-Volunteer\Backend\venv\Lib\site-packages\uvicorn\server.py", line 69, in serve
    config.load()
  File "C:\Backend-WCT-Volunteer\Backend\venv\Lib\site-packages\uvicorn\config.py", line 458, in load
    self.loaded_app = import_from_string(self.app)
                      ^^^^^^^^^^^^^^^^^^^^^^^^^^^^
  File "C:\Backend-WCT-Volunteer\Backend\venv\Lib\site-packages\uvicorn\importer.py", line 21, in import_from_string
    module = importlib.import_module(module_str)
             ^^^^^^^^^^^^^^^^^^^^^^^^^^^^^^^^^^^
  File "C:\Program Files\WindowsApps\PythonSoftwareFoundation.Python.3.11_3.11.2544.0_x64__qbz5n2kfra8p0\Lib\importlib\__init__.py", line 126, in import_module
    return _bootstrap._gcd_import(name[level:], package, level)
           ^^^^^^^^^^^^^^^^^^^^^^^^^^^^^^^^^^^^^^^^^^^^^^^^^^^^
  File "<frozen importlib._bootstrap>", line 1204, in _gcd_import
  File "<frozen importlib._bootstrap>", line 1176, in _find_and_load
  File "<frozen importlib._bootstrap>", line 1126, in _find_and_load_unlocked
  File "<frozen importlib._bootstrap>", line 241, in _call_with_frames_removed
  File "<frozen importlib._bootstrap>", line 1204, in _gcd_import
  File "<frozen importlib._bootstrap>", line 1176, in _find_and_load
  File "<frozen importlib._bootstrap>", line 1147, in _find_and_load_unlocked
  File "<frozen importlib._bootstrap>", line 690, in _load_unlocked
  File "<frozen importlib._bootstrap_external>", line 940, in exec_module
  File "<frozen importlib._bootstrap>", line 241, in _call_with_frames_removed
  File "C:\Backend-WCT-Volunteer\Backend\app\__init__.py", line 6, in <module>
    from .main import app as main
  File "C:\Backend-WCT-Volunteer\Backend\app\main.py", line 11, in <module>
    from app.routers import categories, blogs, community, comments, donations, contact, applications
  File "C:\Backend-WCT-Volunteer\Backend\app\routers\applications.py", line 16, in <module>
    from app.utils.image_upload import upload_user_cv
ImportError: cannot import name 'upload_user_cv' from 'app.utils.image_upload' (C:\Backend-WCT-Volunteer\Backend\app\utils\image_upload.py)
WARNING:  WatchFiles detected changes in 'app\config.py'. Reloading...
Process SpawnProcess-18:
Traceback (most recent call last):
  File "C:\Program Files\WindowsApps\PythonSoftwareFoundation.Python.3.11_3.11.2544.0_x64__qbz5n2kfra8p0\Lib\multiprocessing\process.py", line 314, in _bootstrap
    self.run()
  File "C:\Program Files\WindowsApps\PythonSoftwareFoundation.Python.3.11_3.11.2544.0_x64__qbz5n2kfra8p0\Lib\multiprocessing\process.py", line 108, in run
    self._target(*self._args, **self._kwargs)
  File "C:\Backend-WCT-Volunteer\Backend\venv\Lib\site-packages\uvicorn\_subprocess.py", line 78, in subprocess_started
    target(sockets=sockets)
  File "C:\Backend-WCT-Volunteer\Backend\venv\Lib\site-packages\uvicorn\server.py", line 62, in run
    return asyncio.run(self.serve(sockets=sockets))
           ^^^^^^^^^^^^^^^^^^^^^^^^^^^^^^^^^^^^^^^^
  File "C:\Program Files\WindowsApps\PythonSoftwareFoundation.Python.3.11_3.11.2544.0_x64__qbz5n2kfra8p0\Lib\asyncio\runners.py", line 190, in run
    return runner.run(main)
           ^^^^^^^^^^^^^^^^
  File "C:\Program Files\WindowsApps\PythonSoftwareFoundation.Python.3.11_3.11.2544.0_x64__qbz5n2kfra8p0\Lib\asyncio\runners.py", line 118, in run
    return self._loop.run_until_complete(task)
           ^^^^^^^^^^^^^^^^^^^^^^^^^^^^^^^^^^^
  File "C:\Program Files\WindowsApps\PythonSoftwareFoundation.Python.3.11_3.11.2544.0_x64__qbz5n2kfra8p0\Lib\asyncio\base_events.py", line 654, in run_until_complete
    return future.result()
           ^^^^^^^^^^^^^^^
  File "C:\Backend-WCT-Volunteer\Backend\venv\Lib\site-packages\uvicorn\server.py", line 69, in serve
    config.load()
  File "C:\Backend-WCT-Volunteer\Backend\venv\Lib\site-packages\uvicorn\config.py", line 458, in load
    self.loaded_app = import_from_string(self.app)
                      ^^^^^^^^^^^^^^^^^^^^^^^^^^^^
  File "C:\Backend-WCT-Volunteer\Backend\venv\Lib\site-packages\uvicorn\importer.py", line 21, in import_from_string
    module = importlib.import_module(module_str)
             ^^^^^^^^^^^^^^^^^^^^^^^^^^^^^^^^^^^
  File "C:\Program Files\WindowsApps\PythonSoftwareFoundation.Python.3.11_3.11.2544.0_x64__qbz5n2kfra8p0\Lib\importlib\__init__.py", line 126, in import_module
    return _bootstrap._gcd_import(name[level:], package, level)
           ^^^^^^^^^^^^^^^^^^^^^^^^^^^^^^^^^^^^^^^^^^^^^^^^^^^^
  File "<frozen importlib._bootstrap>", line 1204, in _gcd_import
  File "<frozen importlib._bootstrap>", line 1176, in _find_and_load
  File "<frozen importlib._bootstrap>", line 1126, in _find_and_load_unlocked
  File "<frozen importlib._bootstrap>", line 241, in _call_with_frames_removed
  File "<frozen importlib._bootstrap>", line 1204, in _gcd_import
  File "<frozen importlib._bootstrap>", line 1176, in _find_and_load
  File "<frozen importlib._bootstrap>", line 1147, in _find_and_load_unlocked
  File "<frozen importlib._bootstrap>", line 690, in _load_unlocked
  File "<frozen importlib._bootstrap_external>", line 940, in exec_module
  File "<frozen importlib._bootstrap>", line 241, in _call_with_frames_removed
  File "C:\Backend-WCT-Volunteer\Backend\app\__init__.py", line 6, in <module>
    from .main import app as main
  File "C:\Backend-WCT-Volunteer\Backend\app\main.py", line 11, in <module>
    from app.routers import categories, blogs, community, comments, donations, contact, applications
  File "C:\Backend-WCT-Volunteer\Backend\app\routers\applications.py", line 16, in <module>
    from app.utils.image_upload import upload_user_cv
ImportError: cannot import name 'upload_user_cv' from 'app.utils.image_upload' (C:\Backend-WCT-Volunteer\Backend\app\utils\image_upload.py)
WARNING:  WatchFiles detected changes in 'app\utils\image_upload.py'. Reloading...
Process SpawnProcess-19:
Traceback (most recent call last):
  File "C:\Program Files\WindowsApps\PythonSoftwareFoundation.Python.3.11_3.11.2544.0_x64__qbz5n2kfra8p0\Lib\multiprocessing\process.py", line 314, in _bootstrap
    self.run()
  File "C:\Program Files\WindowsApps\PythonSoftwareFoundation.Python.3.11_3.11.2544.0_x64__qbz5n2kfra8p0\Lib\multiprocessing\process.py", line 108, in run
    self._target(*self._args, **self._kwargs)
  File "C:\Backend-WCT-Volunteer\Backend\venv\Lib\site-packages\uvicorn\_subprocess.py", line 78, in subprocess_started
    target(sockets=sockets)
  File "C:\Backend-WCT-Volunteer\Backend\venv\Lib\site-packages\uvicorn\server.py", line 62, in run
    return asyncio.run(self.serve(sockets=sockets))
           ^^^^^^^^^^^^^^^^^^^^^^^^^^^^^^^^^^^^^^^^
  File "C:\Program Files\WindowsApps\PythonSoftwareFoundation.Python.3.11_3.11.2544.0_x64__qbz5n2kfra8p0\Lib\asyncio\runners.py", line 190, in run
    return runner.run(main)
           ^^^^^^^^^^^^^^^^
  File "C:\Program Files\WindowsApps\PythonSoftwareFoundation.Python.3.11_3.11.2544.0_x64__qbz5n2kfra8p0\Lib\asyncio\runners.py", line 118, in run
    return self._loop.run_until_complete(task)
           ^^^^^^^^^^^^^^^^^^^^^^^^^^^^^^^^^^^
  File "C:\Program Files\WindowsApps\PythonSoftwareFoundation.Python.3.11_3.11.2544.0_x64__qbz5n2kfra8p0\Lib\asyncio\base_events.py", line 654, in run_until_complete
    return future.result()
           ^^^^^^^^^^^^^^^
  File "C:\Backend-WCT-Volunteer\Backend\venv\Lib\site-packages\uvicorn\server.py", line 69, in serve
    config.load()
  File "C:\Backend-WCT-Volunteer\Backend\venv\Lib\site-packages\uvicorn\config.py", line 458, in load
    self.loaded_app = import_from_string(self.app)
                      ^^^^^^^^^^^^^^^^^^^^^^^^^^^^
  File "C:\Backend-WCT-Volunteer\Backend\venv\Lib\site-packages\uvicorn\importer.py", line 21, in import_from_string
    module = importlib.import_module(module_str)
             ^^^^^^^^^^^^^^^^^^^^^^^^^^^^^^^^^^^
  File "C:\Program Files\WindowsApps\PythonSoftwareFoundation.Python.3.11_3.11.2544.0_x64__qbz5n2kfra8p0\Lib\importlib\__init__.py", line 126, in import_module
    return _bootstrap._gcd_import(name[level:], package, level)
           ^^^^^^^^^^^^^^^^^^^^^^^^^^^^^^^^^^^^^^^^^^^^^^^^^^^^
  File "<frozen importlib._bootstrap>", line 1204, in _gcd_import
  File "<frozen importlib._bootstrap>", line 1176, in _find_and_load
  File "<frozen importlib._bootstrap>", line 1126, in _find_and_load_unlocked
  File "<frozen importlib._bootstrap>", line 241, in _call_with_frames_removed
  File "<frozen importlib._bootstrap>", line 1204, in _gcd_import
  File "<frozen importlib._bootstrap>", line 1176, in _find_and_load
  File "<frozen importlib._bootstrap>", line 1147, in _find_and_load_unlocked
  File "<frozen importlib._bootstrap>", line 690, in _load_unlocked
  File "<frozen importlib._bootstrap_external>", line 940, in exec_module
  File "<frozen importlib._bootstrap>", line 241, in _call_with_frames_removed
  File "C:\Backend-WCT-Volunteer\Backend\app\__init__.py", line 6, in <module>
    from .main import app as main
  File "C:\Backend-WCT-Volunteer\Backend\app\main.py", line 11, in <module>
    from app.routers import categories, blogs, community, comments, donations, contact, applications
  File "C:\Backend-WCT-Volunteer\Backend\app\routers\applications.py", line 17, in <module>
    from app.utils.security import hash_secret
ImportError: cannot import name 'hash_secret' from 'app.utils.security' (C:\Backend-WCT-Volunteer\Backend\app\utils\security.py)
WARNING:  WatchFiles detected changes in 'app\utils\security.py'. Reloading...
WARNING:  WatchFiles detected changes in 'app\utils\security.py'. Reloading...
Process SpawnProcess-20:
Traceback (most recent call last):
  File "C:\Program Files\WindowsApps\PythonSoftwareFoundation.Python.3.11_3.11.2544.0_x64__qbz5n2kfra8p0\Lib\multiprocessing\process.py", line 314, in _bootstrap
    self.run()
  File "C:\Program Files\WindowsApps\PythonSoftwareFoundation.Python.3.11_3.11.2544.0_x64__qbz5n2kfra8p0\Lib\multiprocessing\process.py", line 108, in run
    self._target(*self._args, **self._kwargs)
  File "C:\Backend-WCT-Volunteer\Backend\venv\Lib\site-packages\uvicorn\_subprocess.py", line 78, in subprocess_started
    target(sockets=sockets)
  File "C:\Backend-WCT-Volunteer\Backend\venv\Lib\site-packages\uvicorn\server.py", line 62, in run
    return asyncio.run(self.serve(sockets=sockets))
           ^^^^^^^^^^^^^^^^^^^^^^^^^^^^^^^^^^^^^^^^
  File "C:\Program Files\WindowsApps\PythonSoftwareFoundation.Python.3.11_3.11.2544.0_x64__qbz5n2kfra8p0\Lib\asyncio\runners.py", line 190, in run
    return runner.run(main)
           ^^^^^^^^^^^^^^^^
  File "C:\Program Files\WindowsApps\PythonSoftwareFoundation.Python.3.11_3.11.2544.0_x64__qbz5n2kfra8p0\Lib\asyncio\runners.py", line 118, in run
    return self._loop.run_until_complete(task)
           ^^^^^^^^^^^^^^^^^^^^^^^^^^^^^^^^^^^
  File "C:\Program Files\WindowsApps\PythonSoftwareFoundation.Python.3.11_3.11.2544.0_x64__qbz5n2kfra8p0\Lib\asyncio\base_events.py", line 654, in run_until_complete
    return future.result()
           ^^^^^^^^^^^^^^^
  File "C:\Backend-WCT-Volunteer\Backend\venv\Lib\site-packages\uvicorn\server.py", line 69, in serve
    config.load()
  File "C:\Backend-WCT-Volunteer\Backend\venv\Lib\site-packages\uvicorn\config.py", line 458, in load
    self.loaded_app = import_from_string(self.app)
                      ^^^^^^^^^^^^^^^^^^^^^^^^^^^^
  File "C:\Backend-WCT-Volunteer\Backend\venv\Lib\site-packages\uvicorn\importer.py", line 21, in import_from_string
    module = importlib.import_module(module_str)
             ^^^^^^^^^^^^^^^^^^^^^^^^^^^^^^^^^^^
  File "C:\Program Files\WindowsApps\PythonSoftwareFoundation.Python.3.11_3.11.2544.0_x64__qbz5n2kfra8p0\Lib\importlib\__init__.py", line 126, in import_module
    return _bootstrap._gcd_import(name[level:], package, level)
           ^^^^^^^^^^^^^^^^^^^^^^^^^^^^^^^^^^^^^^^^^^^^^^^^^^^^
  File "<frozen importlib._bootstrap>", line 1204, in _gcd_import
  File "<frozen importlib._bootstrap>", line 1176, in _find_and_load
  File "<frozen importlib._bootstrap>", line 1126, in _find_and_load_unlocked
  File "<frozen importlib._bootstrap>", line 241, in _call_with_frames_removed
  File "<frozen importlib._bootstrap>", line 1204, in _gcd_import
  File "<frozen importlib._bootstrap>", line 1176, in _find_and_load
  File "<frozen importlib._bootstrap>", line 1147, in _find_and_load_unlocked
  File "<frozen importlib._bootstrap>", line 690, in _load_unlocked
  File "<frozen importlib._bootstrap_external>", line 940, in exec_module
  File "<frozen importlib._bootstrap>", line 241, in _call_with_frames_removed
  File "C:\Backend-WCT-Volunteer\Backend\app\__init__.py", line 6, in <module>
    from .main import app as main
  File "C:\Backend-WCT-Volunteer\Backend\app\main.py", line 11, in <module>
    from app.routers import categories, blogs, community, comments, donations, contact, applications
  File "C:\Backend-WCT-Volunteer\Backend\app\routers\applications.py", line 17, in <module>
    from app.utils.security import hash_secret
ImportError: cannot import name 'hash_secret' from 'app.utils.security' (C:\Backend-WCT-Volunteer\Backend\app\utils\security.py)
INFO:     Started server process [24236]
INFO:     Waiting for application startup.
ERROR:    Traceback (most recent call last):
  File "C:\Backend-WCT-Volunteer\Backend\app\main.py", line 98, in startup_event
    print(f"\u2713 {settings.APP_NAME} v{settings.VERSION} started successfully")
  File "C:\Program Files\WindowsApps\PythonSoftwareFoundation.Python.3.11_3.11.2544.0_x64__qbz5n2kfra8p0\Lib\encodings\cp1252.py", line 19, in encode
    return codecs.charmap_encode(input,self.errors,encoding_table)[0]
           ^^^^^^^^^^^^^^^^^^^^^^^^^^^^^^^^^^^^^^^^^^^^^^^^^^^^^^^
UnicodeEncodeError: 'charmap' codec can't encode character '\u2713' in position 0: character maps to <undefined>

During handling of the above exception, another exception occurred:

Traceback (most recent call last):
  File "C:\Backend-WCT-Volunteer\Backend\venv\Lib\site-packages\starlette\routing.py", line 738, in lifespan
    async with self.lifespan_context(app) as maybe_state:
  File "C:\Backend-WCT-Volunteer\Backend\venv\Lib\site-packages\starlette\routing.py", line 610, in __aenter__
    await self._router.startup()
  File "C:\Backend-WCT-Volunteer\Backend\venv\Lib\site-packages\starlette\routing.py", line 715, in startup
    await handler()
  File "C:\Backend-WCT-Volunteer\Backend\app\main.py", line 101, in startup_event
    print(f"\u2717 Configuration error: {e}")
  File "C:\Program Files\WindowsApps\PythonSoftwareFoundation.Python.3.11_3.11.2544.0_x64__qbz5n2kfra8p0\Lib\encodings\cp1252.py", line 19, in encode
    return codecs.charmap_encode(input,self.errors,encoding_table)[0]
           ^^^^^^^^^^^^^^^^^^^^^^^^^^^^^^^^^^^^^^^^^^^^^^^^^^^^^^^
UnicodeEncodeError: 'charmap' codec can't encode character '\u2717' in position 0: character maps to <undefined>

ERROR:    Application startup failed. Exiting.
WARNING:  WatchFiles detected changes in 'test_applications_only.py'. Reloading...
INFO:     Started server process [24532]
INFO:     Waiting for application startup.
ERROR:    Traceback (most recent call last):
  File "C:\Backend-WCT-Volunteer\Backend\app\main.py", line 98, in startup_event
    print(f"\u2713 {settings.APP_NAME} v{settings.VERSION} started successfully")
  File "C:\Program Files\WindowsApps\PythonSoftwareFoundation.Python.3.11_3.11.2544.0_x64__qbz5n2kfra8p0\Lib\encodings\cp1252.py", line 19, in encode
    return codecs.charmap_encode(input,self.errors,encoding_table)[0]
           ^^^^^^^^^^^^^^^^^^^^^^^^^^^^^^^^^^^^^^^^^^^^^^^^^^^^^^^
UnicodeEncodeError: 'charmap' codec can't encode character '\u2713' in position 0: character maps to <undefined>

During handling of the above exception, another exception occurred:

Traceback (most recent call last):
  File "C:\Backend-WCT-Volunteer\Backend\venv\Lib\site-packages\starlette\routing.py", line 738, in lifespan
    async with self.lifespan_context(app) as maybe_state:
  File "C:\Backend-WCT-Volunteer\Backend\venv\Lib\site-packages\starlette\routing.py", line 610, in __aenter__
    await self._router.startup()
  File "C:\Backend-WCT-Volunteer\Backend\venv\Lib\site-packages\starlette\routing.py", line 715, in startup
    await handler()
  File "C:\Backend-WCT-Volunteer\Backend\app\main.py", line 101, in startup_event
    print(f"\u2717 Configuration error: {e}")
  File "C:\Program Files\WindowsApps\PythonSoftwareFoundation.Python.3.11_3.11.2544.0_x64__qbz5n2kfra8p0\Lib\encodings\cp1252.py", line 19, in encode
    return codecs.charmap_encode(input,self.errors,encoding_table)[0]
           ^^^^^^^^^^^^^^^^^^^^^^^^^^^^^^^^^^^^^^^^^^^^^^^^^^^^^^^
UnicodeEncodeError: 'charmap' codec can't encode character '\u2717' in position 0: character maps to <undefined>

ERROR:    Application startup failed. Exiting.
WARNING:  WatchFiles detected changes in 'test_applications_only.py'. Reloading...
INFO:     Started server process [38780]
INFO:     Waiting for application startup.
ERROR:    Traceback (most recent call last):
  File "C:\Backend-WCT-Volunteer\Backend\app\main.py", line 98, in startup_event
    print(f"\u2713 {settings.APP_NAME} v{settings.VERSION} started successfully")
  File "C:\Program Files\WindowsApps\PythonSoftwareFoundation.Python.3.11_3.11.2544.0_x64__qbz5n2kfra8p0\Lib\encodings\cp1252.py", line 19, in encode
    return codecs.charmap_encode(input,self.errors,encoding_table)[0]
           ^^^^^^^^^^^^^^^^^^^^^^^^^^^^^^^^^^^^^^^^^^^^^^^^^^^^^^^
UnicodeEncodeError: 'charmap' codec can't encode character '\u2713' in position 0: character maps to <undefined>

During handling of the above exception, another exception occurred:

Traceback (most recent call last):
  File "C:\Backend-WCT-Volunteer\Backend\venv\Lib\site-packages\starlette\routing.py", line 738, in lifespan
    async with self.lifespan_context(app) as maybe_state:
  File "C:\Backend-WCT-Volunteer\Backend\venv\Lib\site-packages\starlette\routing.py", line 610, in __aenter__
    await self._router.startup()
  File "C:\Backend-WCT-Volunteer\Backend\venv\Lib\site-packages\starlette\routing.py", line 715, in startup
    await handler()
  File "C:\Backend-WCT-Volunteer\Backend\app\main.py", line 101, in startup_event
    print(f"\u2717 Configuration error: {e}")
  File "C:\Program Files\WindowsApps\PythonSoftwareFoundation.Python.3.11_3.11.2544.0_x64__qbz5n2kfra8p0\Lib\encodings\cp1252.py", line 19, in encode
    return codecs.charmap_encode(input,self.errors,encoding_table)[0]
           ^^^^^^^^^^^^^^^^^^^^^^^^^^^^^^^^^^^^^^^^^^^^^^^^^^^^^^^
UnicodeEncodeError: 'charmap' codec can't encode character '\u2717' in position 0: character maps to <undefined>

ERROR:    Application startup failed. Exiting.
WARNING:  WatchFiles detected changes in 'test_scopes_comprehensive.py'. Reloading...
INFO:     Started server process [24284]
INFO:     Waiting for application startup.
ERROR:    Traceback (most recent call last):
  File "C:\Backend-WCT-Volunteer\Backend\app\main.py", line 98, in startup_event
    print(f"\u2713 {settings.APP_NAME} v{settings.VERSION} started successfully")
  File "C:\Program Files\WindowsApps\PythonSoftwareFoundation.Python.3.11_3.11.2544.0_x64__qbz5n2kfra8p0\Lib\encodings\cp1252.py", line 19, in encode
    return codecs.charmap_encode(input,self.errors,encoding_table)[0]
           ^^^^^^^^^^^^^^^^^^^^^^^^^^^^^^^^^^^^^^^^^^^^^^^^^^^^^^^
UnicodeEncodeError: 'charmap' codec can't encode character '\u2713' in position 0: character maps to <undefined>

During handling of the above exception, another exception occurred:

Traceback (most recent call last):
  File "C:\Backend-WCT-Volunteer\Backend\venv\Lib\site-packages\starlette\routing.py", line 738, in lifespan
    async with self.lifespan_context(app) as maybe_state:
  File "C:\Backend-WCT-Volunteer\Backend\venv\Lib\site-packages\starlette\routing.py", line 610, in __aenter__
    await self._router.startup()
  File "C:\Backend-WCT-Volunteer\Backend\venv\Lib\site-packages\starlette\routing.py", line 715, in startup
    await handler()
  File "C:\Backend-WCT-Volunteer\Backend\app\main.py", line 101, in startup_event
    print(f"\u2717 Configuration error: {e}")
  File "C:\Program Files\WindowsApps\PythonSoftwareFoundation.Python.3.11_3.11.2544.0_x64__qbz5n2kfra8p0\Lib\encodings\cp1252.py", line 19, in encode
    return codecs.charmap_encode(input,self.errors,encoding_table)[0]
           ^^^^^^^^^^^^^^^^^^^^^^^^^^^^^^^^^^^^^^^^^^^^^^^^^^^^^^^
UnicodeEncodeError: 'charmap' codec can't encode character '\u2717' in position 0: character maps to <undefined>

ERROR:    Application startup failed. Exiting.
WARNING:  WatchFiles detected changes in 'app\routers\organizer.py'. Reloading...
INFO:     Started server process [36296]
INFO:     Waiting for application startup.
ERROR:    Traceback (most recent call last):
  File "C:\Backend-WCT-Volunteer\Backend\app\main.py", line 98, in startup_event
    print(f"\u2713 {settings.APP_NAME} v{settings.VERSION} started successfully")
  File "C:\Program Files\WindowsApps\PythonSoftwareFoundation.Python.3.11_3.11.2544.0_x64__qbz5n2kfra8p0\Lib\encodings\cp1252.py", line 19, in encode
    return codecs.charmap_encode(input,self.errors,encoding_table)[0]
           ^^^^^^^^^^^^^^^^^^^^^^^^^^^^^^^^^^^^^^^^^^^^^^^^^^^^^^^
UnicodeEncodeError: 'charmap' codec can't encode character '\u2713' in position 0: character maps to <undefined>

During handling of the above exception, another exception occurred:

Traceback (most recent call last):
  File "C:\Backend-WCT-Volunteer\Backend\venv\Lib\site-packages\starlette\routing.py", line 738, in lifespan
    async with self.lifespan_context(app) as maybe_state:
  File "C:\Backend-WCT-Volunteer\Backend\venv\Lib\site-packages\starlette\routing.py", line 610, in __aenter__
    await self._router.startup()
  File "C:\Backend-WCT-Volunteer\Backend\venv\Lib\site-packages\starlette\routing.py", line 715, in startup
    await handler()
  File "C:\Backend-WCT-Volunteer\Backend\app\main.py", line 101, in startup_event
    print(f"\u2717 Configuration error: {e}")
  File "C:\Program Files\WindowsApps\PythonSoftwareFoundation.Python.3.11_3.11.2544.0_x64__qbz5n2kfra8p0\Lib\encodings\cp1252.py", line 19, in encode
    return codecs.charmap_encode(input,self.errors,encoding_table)[0]
           ^^^^^^^^^^^^^^^^^^^^^^^^^^^^^^^^^^^^^^^^^^^^^^^^^^^^^^^
UnicodeEncodeError: 'charmap' codec can't encode character '\u2717' in position 0: character maps to <undefined>

ERROR:    Application startup failed. Exiting.
WARNING:  WatchFiles detected changes in 'test_scopes_5_9.py'. Reloading...
WARNING:  WatchFiles detected changes in 'test_scopes_5_9.py'. Reloading...
INFO:     Started server process [27748]
INFO:     Waiting for application startup.
ERROR:    Traceback (most recent call last):
  File "C:\Backend-WCT-Volunteer\Backend\app\main.py", line 98, in startup_event
    print(f"\u2713 {settings.APP_NAME} v{settings.VERSION} started successfully")
  File "C:\Program Files\WindowsApps\PythonSoftwareFoundation.Python.3.11_3.11.2544.0_x64__qbz5n2kfra8p0\Lib\encodings\cp1252.py", line 19, in encode
    return codecs.charmap_encode(input,self.errors,encoding_table)[0]
           ^^^^^^^^^^^^^^^^^^^^^^^^^^^^^^^^^^^^^^^^^^^^^^^^^^^^^^^
UnicodeEncodeError: 'charmap' codec can't encode character '\u2713' in position 0: character maps to <undefined>

During handling of the above exception, another exception occurred:

Traceback (most recent call last):
  File "C:\Backend-WCT-Volunteer\Backend\venv\Lib\site-packages\starlette\routing.py", line 738, in lifespan
    async with self.lifespan_context(app) as maybe_state:
  File "C:\Backend-WCT-Volunteer\Backend\venv\Lib\site-packages\starlette\routing.py", line 610, in __aenter__
    await self._router.startup()
  File "C:\Backend-WCT-Volunteer\Backend\venv\Lib\site-packages\starlette\routing.py", line 715, in startup
    await handler()
  File "C:\Backend-WCT-Volunteer\Backend\app\main.py", line 101, in startup_event
    print(f"\u2717 Configuration error: {e}")
  File "C:\Program Files\WindowsApps\PythonSoftwareFoundation.Python.3.11_3.11.2544.0_x64__qbz5n2kfra8p0\Lib\encodings\cp1252.py", line 19, in encode
    return codecs.charmap_encode(input,self.errors,encoding_table)[0]
           ^^^^^^^^^^^^^^^^^^^^^^^^^^^^^^^^^^^^^^^^^^^^^^^^^^^^^^^
UnicodeEncodeError: 'charmap' codec can't encode character '\u2717' in position 0: character maps to <undefined>

ERROR:    Application startup failed. Exiting.
INFO:     Started server process [5164]
INFO:     Waiting for application startup.
ERROR:    Traceback (most recent call last):
  File "C:\Backend-WCT-Volunteer\Backend\app\main.py", line 98, in startup_event
    print(f"\u2713 {settings.APP_NAME} v{settings.VERSION} started successfully")
  File "C:\Program Files\WindowsApps\PythonSoftwareFoundation.Python.3.11_3.11.2544.0_x64__qbz5n2kfra8p0\Lib\encodings\cp1252.py", line 19, in encode
    return codecs.charmap_encode(input,self.errors,encoding_table)[0]
           ^^^^^^^^^^^^^^^^^^^^^^^^^^^^^^^^^^^^^^^^^^^^^^^^^^^^^^^
UnicodeEncodeError: 'charmap' codec can't encode character '\u2713' in position 0: character maps to <undefined>

During handling of the above exception, another exception occurred:

Traceback (most recent call last):
  File "C:\Backend-WCT-Volunteer\Backend\venv\Lib\site-packages\starlette\routing.py", line 738, in lifespan
    async with self.lifespan_context(app) as maybe_state:
  File "C:\Backend-WCT-Volunteer\Backend\venv\Lib\site-packages\starlette\routing.py", line 610, in __aenter__
    await self._router.startup()
  File "C:\Backend-WCT-Volunteer\Backend\venv\Lib\site-packages\starlette\routing.py", line 715, in startup
    await handler()
  File "C:\Backend-WCT-Volunteer\Backend\app\main.py", line 101, in startup_event
    print(f"\u2717 Configuration error: {e}")
  File "C:\Program Files\WindowsApps\PythonSoftwareFoundation.Python.3.11_3.11.2544.0_x64__qbz5n2kfra8p0\Lib\encodings\cp1252.py", line 19, in encode
    return codecs.charmap_encode(input,self.errors,encoding_table)[0]
           ^^^^^^^^^^^^^^^^^^^^^^^^^^^^^^^^^^^^^^^^^^^^^^^^^^^^^^^
UnicodeEncodeError: 'charmap' codec can't encode character '\u2717' in position 0: character maps to <undefined>

ERROR:    Application startup failed. Exiting.
WARNING:  WatchFiles detected changes in 'test_scopes_5_9.py'. Reloading...
INFO:     Started server process [41084]
INFO:     Waiting for application startup.
ERROR:    Traceback (most recent call last):
  File "C:\Backend-WCT-Volunteer\Backend\app\main.py", line 98, in startup_event
    print(f"\u2713 {settings.APP_NAME} v{settings.VERSION} started successfully")
  File "C:\Program Files\WindowsApps\PythonSoftwareFoundation.Python.3.11_3.11.2544.0_x64__qbz5n2kfra8p0\Lib\encodings\cp1252.py", line 19, in encode
    return codecs.charmap_encode(input,self.errors,encoding_table)[0]
           ^^^^^^^^^^^^^^^^^^^^^^^^^^^^^^^^^^^^^^^^^^^^^^^^^^^^^^^
UnicodeEncodeError: 'charmap' codec can't encode character '\u2713' in position 0: character maps to <undefined>

During handling of the above exception, another exception occurred:

Traceback (most recent call last):
  File "C:\Backend-WCT-Volunteer\Backend\venv\Lib\site-packages\starlette\routing.py", line 738, in lifespan
    async with self.lifespan_context(app) as maybe_state:
  File "C:\Backend-WCT-Volunteer\Backend\venv\Lib\site-packages\starlette\routing.py", line 610, in __aenter__
    await self._router.startup()
  File "C:\Backend-WCT-Volunteer\Backend\venv\Lib\site-packages\starlette\routing.py", line 715, in startup
    await handler()
  File "C:\Backend-WCT-Volunteer\Backend\app\main.py", line 101, in startup_event
    print(f"\u2717 Configuration error: {e}")
  File "C:\Program Files\WindowsApps\PythonSoftwareFoundation.Python.3.11_3.11.2544.0_x64__qbz5n2kfra8p0\Lib\encodings\cp1252.py", line 19, in encode
    return codecs.charmap_encode(input,self.errors,encoding_table)[0]
           ^^^^^^^^^^^^^^^^^^^^^^^^^^^^^^^^^^^^^^^^^^^^^^^^^^^^^^^
UnicodeEncodeError: 'charmap' codec can't encode character '\u2717' in position 0: character maps to <undefined>

ERROR:    Application startup failed. Exiting.
WARNING:  WatchFiles detected changes in 'app\routers\admin_comprehensive.py'. Reloading...
WARNING:  WatchFiles detected changes in 'app\utils\security.py'. Reloading...
INFO:     Started server process [19820]
INFO:     Waiting for application startup.
ERROR:    Traceback (most recent call last):
  File "C:\Backend-WCT-Volunteer\Backend\app\main.py", line 98, in startup_event
    print(f"\u2713 {settings.APP_NAME} v{settings.VERSION} started successfully")
  File "C:\Program Files\WindowsApps\PythonSoftwareFoundation.Python.3.11_3.11.2544.0_x64__qbz5n2kfra8p0\Lib\encodings\cp1252.py", line 19, in encode
    return codecs.charmap_encode(input,self.errors,encoding_table)[0]
           ^^^^^^^^^^^^^^^^^^^^^^^^^^^^^^^^^^^^^^^^^^^^^^^^^^^^^^^
UnicodeEncodeError: 'charmap' codec can't encode character '\u2713' in position 0: character maps to <undefined>

During handling of the above exception, another exception occurred:

Traceback (most recent call last):
  File "C:\Backend-WCT-Volunteer\Backend\venv\Lib\site-packages\starlette\routing.py", line 738, in lifespan
    async with self.lifespan_context(app) as maybe_state:
  File "C:\Backend-WCT-Volunteer\Backend\venv\Lib\site-packages\starlette\routing.py", line 610, in __aenter__
    await self._router.startup()
  File "C:\Backend-WCT-Volunteer\Backend\venv\Lib\site-packages\starlette\routing.py", line 715, in startup
    await handler()
  File "C:\Backend-WCT-Volunteer\Backend\app\main.py", line 101, in startup_event
    print(f"\u2717 Configuration error: {e}")
  File "C:\Program Files\WindowsApps\PythonSoftwareFoundation.Python.3.11_3.11.2544.0_x64__qbz5n2kfra8p0\Lib\encodings\cp1252.py", line 19, in encode
    return codecs.charmap_encode(input,self.errors,encoding_table)[0]
           ^^^^^^^^^^^^^^^^^^^^^^^^^^^^^^^^^^^^^^^^^^^^^^^^^^^^^^^
UnicodeEncodeError: 'charmap' codec can't encode character '\u2717' in position 0: character maps to <undefined>

ERROR:    Application startup failed. Exiting.
INFO:     Started server process [21120]
INFO:     Waiting for application startup.
ERROR:    Traceback (most recent call last):
  File "C:\Backend-WCT-Volunteer\Backend\app\main.py", line 98, in startup_event
    print(f"\u2713 {settings.APP_NAME} v{settings.VERSION} started successfully")
  File "C:\Program Files\WindowsApps\PythonSoftwareFoundation.Python.3.11_3.11.2544.0_x64__qbz5n2kfra8p0\Lib\encodings\cp1252.py", line 19, in encode
    return codecs.charmap_encode(input,self.errors,encoding_table)[0]
           ^^^^^^^^^^^^^^^^^^^^^^^^^^^^^^^^^^^^^^^^^^^^^^^^^^^^^^^
UnicodeEncodeError: 'charmap' codec can't encode character '\u2713' in position 0: character maps to <undefined>

During handling of the above exception, another exception occurred:

Traceback (most recent call last):
  File "C:\Backend-WCT-Volunteer\Backend\venv\Lib\site-packages\starlette\routing.py", line 738, in lifespan
    async with self.lifespan_context(app) as maybe_state:
  File "C:\Backend-WCT-Volunteer\Backend\venv\Lib\site-packages\starlette\routing.py", line 610, in __aenter__
    await self._router.startup()
  File "C:\Backend-WCT-Volunteer\Backend\venv\Lib\site-packages\starlette\routing.py", line 715, in startup
    await handler()
  File "C:\Backend-WCT-Volunteer\Backend\app\main.py", line 101, in startup_event
    print(f"\u2717 Configuration error: {e}")
  File "C:\Program Files\WindowsApps\PythonSoftwareFoundation.Python.3.11_3.11.2544.0_x64__qbz5n2kfra8p0\Lib\encodings\cp1252.py", line 19, in encode
    return codecs.charmap_encode(input,self.errors,encoding_table)[0]
           ^^^^^^^^^^^^^^^^^^^^^^^^^^^^^^^^^^^^^^^^^^^^^^^^^^^^^^^
UnicodeEncodeError: 'charmap' codec can't encode character '\u2717' in position 0: character maps to <undefined>

ERROR:    Application startup failed. Exiting.
WARNING:  WatchFiles detected changes in 'repro_timeout.py'. Reloading...
WARNING:  WatchFiles detected changes in 'repro_timeout.py'. Reloading...
INFO:     Started server process [19980]
INFO:     Waiting for application startup.
ERROR:    Traceback (most recent call last):
  File "C:\Backend-WCT-Volunteer\Backend\app\main.py", line 98, in startup_event
    print(f"\u2713 {settings.APP_NAME} v{settings.VERSION} started successfully")
  File "C:\Program Files\WindowsApps\PythonSoftwareFoundation.Python.3.11_3.11.2544.0_x64__qbz5n2kfra8p0\Lib\encodings\cp1252.py", line 19, in encode
    return codecs.charmap_encode(input,self.errors,encoding_table)[0]
           ^^^^^^^^^^^^^^^^^^^^^^^^^^^^^^^^^^^^^^^^^^^^^^^^^^^^^^^
UnicodeEncodeError: 'charmap' codec can't encode character '\u2713' in position 0: character maps to <undefined>

During handling of the above exception, another exception occurred:

Traceback (most recent call last):
  File "C:\Backend-WCT-Volunteer\Backend\venv\Lib\site-packages\starlette\routing.py", line 738, in lifespan
    async with self.lifespan_context(app) as maybe_state:
  File "C:\Backend-WCT-Volunteer\Backend\venv\Lib\site-packages\starlette\routing.py", line 610, in __aenter__
    await self._router.startup()
  File "C:\Backend-WCT-Volunteer\Backend\venv\Lib\site-packages\starlette\routing.py", line 715, in startup
    await handler()
  File "C:\Backend-WCT-Volunteer\Backend\app\main.py", line 101, in startup_event
    print(f"\u2717 Configuration error: {e}")
  File "C:\Program Files\WindowsApps\PythonSoftwareFoundation.Python.3.11_3.11.2544.0_x64__qbz5n2kfra8p0\Lib\encodings\cp1252.py", line 19, in encode
    return codecs.charmap_encode(input,self.errors,encoding_table)[0]
           ^^^^^^^^^^^^^^^^^^^^^^^^^^^^^^^^^^^^^^^^^^^^^^^^^^^^^^^
UnicodeEncodeError: 'charmap' codec can't encode character '\u2717' in position 0: character maps to <undefined>

ERROR:    Application startup failed. Exiting.
INFO:     Started server process [32236]
INFO:     Waiting for application startup.
ERROR:    Traceback (most recent call last):
  File "C:\Backend-WCT-Volunteer\Backend\app\main.py", line 98, in startup_event
    print(f"\u2713 {settings.APP_NAME} v{settings.VERSION} started successfully")
  File "C:\Program Files\WindowsApps\PythonSoftwareFoundation.Python.3.11_3.11.2544.0_x64__qbz5n2kfra8p0\Lib\encodings\cp1252.py", line 19, in encode
    return codecs.charmap_encode(input,self.errors,encoding_table)[0]
           ^^^^^^^^^^^^^^^^^^^^^^^^^^^^^^^^^^^^^^^^^^^^^^^^^^^^^^^
UnicodeEncodeError: 'charmap' codec can't encode character '\u2713' in position 0: character maps to <undefined>

During handling of the above exception, another exception occurred:

Traceback (most recent call last):
  File "C:\Backend-WCT-Volunteer\Backend\venv\Lib\site-packages\starlette\routing.py", line 738, in lifespan
    async with self.lifespan_context(app) as maybe_state:
  File "C:\Backend-WCT-Volunteer\Backend\venv\Lib\site-packages\starlette\routing.py", line 610, in __aenter__
    await self._router.startup()
  File "C:\Backend-WCT-Volunteer\Backend\venv\Lib\site-packages\starlette\routing.py", line 715, in startup
    await handler()
  File "C:\Backend-WCT-Volunteer\Backend\app\main.py", line 101, in startup_event
    print(f"\u2717 Configuration error: {e}")
  File "C:\Program Files\WindowsApps\PythonSoftwareFoundation.Python.3.11_3.11.2544.0_x64__qbz5n2kfra8p0\Lib\encodings\cp1252.py", line 19, in encode
    return codecs.charmap_encode(input,self.errors,encoding_table)[0]
           ^^^^^^^^^^^^^^^^^^^^^^^^^^^^^^^^^^^^^^^^^^^^^^^^^^^^^^^
UnicodeEncodeError: 'charmap' codec can't encode character '\u2717' in position 0: character maps to <undefined>

ERROR:    Application startup failed. Exiting.
WARNING:  WatchFiles detected changes in 'repro_timeout.py'. Reloading...
WARNING:  WatchFiles detected changes in 'app\routers\admin_comprehensive.py'. Reloading...
INFO:     Started server process [29068]
INFO:     Waiting for application startup.
ERROR:    Traceback (most recent call last):
  File "C:\Backend-WCT-Volunteer\Backend\app\main.py", line 98, in startup_event
    print(f"\u2713 {settings.APP_NAME} v{settings.VERSION} started successfully")
  File "C:\Program Files\WindowsApps\PythonSoftwareFoundation.Python.3.11_3.11.2544.0_x64__qbz5n2kfra8p0\Lib\encodings\cp1252.py", line 19, in encode
    return codecs.charmap_encode(input,self.errors,encoding_table)[0]
           ^^^^^^^^^^^^^^^^^^^^^^^^^^^^^^^^^^^^^^^^^^^^^^^^^^^^^^^
UnicodeEncodeError: 'charmap' codec can't encode character '\u2713' in position 0: character maps to <undefined>

During handling of the above exception, another exception occurred:

Traceback (most recent call last):
  File "C:\Backend-WCT-Volunteer\Backend\venv\Lib\site-packages\starlette\routing.py", line 738, in lifespan
    async with self.lifespan_context(app) as maybe_state:
  File "C:\Backend-WCT-Volunteer\Backend\venv\Lib\site-packages\starlette\routing.py", line 610, in __aenter__
    await self._router.startup()
  File "C:\Backend-WCT-Volunteer\Backend\venv\Lib\site-packages\starlette\routing.py", line 715, in startup
    await handler()
  File "C:\Backend-WCT-Volunteer\Backend\app\main.py", line 101, in startup_event
    print(f"\u2717 Configuration error: {e}")
  File "C:\Program Files\WindowsApps\PythonSoftwareFoundation.Python.3.11_3.11.2544.0_x64__qbz5n2kfra8p0\Lib\encodings\cp1252.py", line 19, in encode
    return codecs.charmap_encode(input,self.errors,encoding_table)[0]
           ^^^^^^^^^^^^^^^^^^^^^^^^^^^^^^^^^^^^^^^^^^^^^^^^^^^^^^^
UnicodeEncodeError: 'charmap' codec can't encode character '\u2717' in position 0: character maps to <undefined>

ERROR:    Application startup failed. Exiting.
WARNING:  WatchFiles detected changes in 'app\utils\security.py'. Reloading...
INFO:     Started server process [29636]
INFO:     Waiting for application startup.
ERROR:    Traceback (most recent call last):
  File "C:\Backend-WCT-Volunteer\Backend\app\main.py", line 98, in startup_event
    print(f"\u2713 {settings.APP_NAME} v{settings.VERSION} started successfully")
  File "C:\Program Files\WindowsApps\PythonSoftwareFoundation.Python.3.11_3.11.2544.0_x64__qbz5n2kfra8p0\Lib\encodings\cp1252.py", line 19, in encode
    return codecs.charmap_encode(input,self.errors,encoding_table)[0]
           ^^^^^^^^^^^^^^^^^^^^^^^^^^^^^^^^^^^^^^^^^^^^^^^^^^^^^^^
UnicodeEncodeError: 'charmap' codec can't encode character '\u2713' in position 0: character maps to <undefined>

During handling of the above exception, another exception occurred:

Traceback (most recent call last):
  File "C:\Backend-WCT-Volunteer\Backend\venv\Lib\site-packages\starlette\routing.py", line 738, in lifespan
    async with self.lifespan_context(app) as maybe_state:
  File "C:\Backend-WCT-Volunteer\Backend\venv\Lib\site-packages\starlette\routing.py", line 610, in __aenter__
    await self._router.startup()
  File "C:\Backend-WCT-Volunteer\Backend\venv\Lib\site-packages\starlette\routing.py", line 715, in startup
    await handler()
  File "C:\Backend-WCT-Volunteer\Backend\app\main.py", line 101, in startup_event
    print(f"\u2717 Configuration error: {e}")
  File "C:\Program Files\WindowsApps\PythonSoftwareFoundation.Python.3.11_3.11.2544.0_x64__qbz5n2kfra8p0\Lib\encodings\cp1252.py", line 19, in encode
    return codecs.charmap_encode(input,self.errors,encoding_table)[0]
           ^^^^^^^^^^^^^^^^^^^^^^^^^^^^^^^^^^^^^^^^^^^^^^^^^^^^^^^
UnicodeEncodeError: 'charmap' codec can't encode character '\u2717' in position 0: character maps to <undefined>

ERROR:    Application startup failed. Exiting.
INFO:     Started server process [19848]
INFO:     Waiting for application startup.
ERROR:    Traceback (most recent call last):
  File "C:\Backend-WCT-Volunteer\Backend\app\main.py", line 98, in startup_event
    print(f"\u2713 {settings.APP_NAME} v{settings.VERSION} started successfully")
  File "C:\Program Files\WindowsApps\PythonSoftwareFoundation.Python.3.11_3.11.2544.0_x64__qbz5n2kfra8p0\Lib\encodings\cp1252.py", line 19, in encode
    return codecs.charmap_encode(input,self.errors,encoding_table)[0]
           ^^^^^^^^^^^^^^^^^^^^^^^^^^^^^^^^^^^^^^^^^^^^^^^^^^^^^^^
UnicodeEncodeError: 'charmap' codec can't encode character '\u2713' in position 0: character maps to <undefined>

During handling of the above exception, another exception occurred:

Traceback (most recent call last):
  File "C:\Backend-WCT-Volunteer\Backend\venv\Lib\site-packages\starlette\routing.py", line 738, in lifespan
    async with self.lifespan_context(app) as maybe_state:
  File "C:\Backend-WCT-Volunteer\Backend\venv\Lib\site-packages\starlette\routing.py", line 610, in __aenter__
    await self._router.startup()
  File "C:\Backend-WCT-Volunteer\Backend\venv\Lib\site-packages\starlette\routing.py", line 715, in startup
    await handler()
  File "C:\Backend-WCT-Volunteer\Backend\app\main.py", line 101, in startup_event
    print(f"\u2717 Configuration error: {e}")
  File "C:\Program Files\WindowsApps\PythonSoftwareFoundation.Python.3.11_3.11.2544.0_x64__qbz5n2kfra8p0\Lib\encodings\cp1252.py", line 19, in encode
    return codecs.charmap_encode(input,self.errors,encoding_table)[0]
           ^^^^^^^^^^^^^^^^^^^^^^^^^^^^^^^^^^^^^^^^^^^^^^^^^^^^^^^
UnicodeEncodeError: 'charmap' codec can't encode character '\u2717' in position 0: character maps to <undefined>

ERROR:    Application startup failed. Exiting.
